{"level":"error","message":"Erreur","timestamp":"2025-09-29T23:49:56.142Z"}
{"level":"error","message":"Erreur","timestamp":"2025-09-29T23:50:15.295Z"}
{"level":"error","message":"Erreur","timestamp":"2025-09-29T23:51:53.770Z"}
{"level":"info","message":"Médias récupérés avec succès","timestamp":"2025-09-30T07:19:44.332Z"}
{"error":{},"level":"error","message":"Erreur","timestamp":"2025-09-30T07:21:12.191Z"}
{"error":{},"level":"error","message":"Erreur","timestamp":"2025-09-30T07:21:17.694Z"}
{"level":"info","message":"Médias récupérés avec succès","timestamp":"2025-09-30T07:22:30.129Z"}
{"level":"info","message":"Film créé: Let O","timestamp":"2025-09-30T07:25:37.515Z"}
{"level":"info","message":"Série créée: LOL","timestamp":"2025-09-30T07:37:42.488Z"}
{"level":"info","message":"Saison créée: 2 dans la série LOL","timestamp":"2025-09-30T07:45:16.693Z"}
{"level":"info","message":"Épisode créé: Pilot (Saison 2) dans la série LOL","timestamp":"2025-09-30T07:48:30.084Z"}
{"error":{},"level":"error","message":"Erreur","timestamp":"2025-09-30T07:59:07.749Z"}
{"error":{},"level":"error","message":"Erreur","timestamp":"2025-09-30T07:59:27.036Z"}
{"error":{},"level":"error","message":"Erreur","timestamp":"2025-09-30T08:03:48.868Z"}
{"error":{},"level":"error","message":"Erreur","timestamp":"2025-09-30T08:05:16.192Z"}
{"level":"info","message":"Dernier log récupéré avec succès","timestamp":"2025-09-30T08:08:10.767Z"}
{"error":{},"level":"error","message":"Erreur","timestamp":"2025-09-30T08:25:51.682Z"}
{"error":{},"level":"error","message":"Erreur","timestamp":"2025-09-30T08:28:19.361Z"}
{"level":"info","message":"Médias utilisateur récupérés avec succès","timestamp":"2025-09-30T08:29:21.105Z"}
{"error":{},"level":"error","message":"Erreur","timestamp":"2025-09-30T08:29:59.771Z"}
{"level":"info","message":"Épisodes de la série KIN récupérés avec succès","timestamp":"2025-09-30T21:06:08.554Z"}
{"level":"info","message":"Médias utilisateur récupérés avec succès","timestamp":"2025-09-30T21:07:53.260Z"}
